[ 2016-11-28T20:43:47+08:00 ] 127.0.0.1 /BXY/index.php/css/bootstrap.min.css
INFO: [ app_init ] --START--
INFO: Run Behavior\BuildLiteBehavior [ RunTime:0.000041s ]
INFO: [ app_init ] --END-- [ RunTime:0.001609s ]
ERR: 无法加载模块:Css

[ 2016-11-28T20:43:47+08:00 ] 127.0.0.1 /BXY/index.php/css/admincss.css
INFO: [ app_init ] --START--
INFO: Run Behavior\BuildLiteBehavior [ RunTime:0.000065s ]
INFO: [ app_init ] --END-- [ RunTime:0.002239s ]
ERR: 无法加载模块:Css

[ 2016-11-28T20:43:47+08:00 ] 127.0.0.1 /BXY/index.php/css/admin_style.css
INFO: [ app_init ] --START--
INFO: Run Behavior\BuildLiteBehavior [ RunTime:0.000065s ]
INFO: [ app_init ] --END-- [ RunTime:0.001855s ]
ERR: 无法加载模块:Css

[ 2016-11-28T20:43:47+08:00 ] 127.0.0.1 /BXY/index.php/js/jquery.js
INFO: [ app_init ] --START--
INFO: Run Behavior\BuildLiteBehavior [ RunTime:0.000050s ]
INFO: [ app_init ] --END-- [ RunTime:0.001776s ]
ERR: 无法加载模块:Js

[ 2016-11-28T20:43:47+08:00 ] 127.0.0.1 /BXY/index.php/js/bootstrap.min.js
INFO: [ app_init ] --START--
INFO: Run Behavior\BuildLiteBehavior [ RunTime:0.000069s ]
INFO: [ app_init ] --END-- [ RunTime:0.002569s ]
ERR: 无法加载模块:Js

[ 2016-11-28T20:43:47+08:00 ] 127.0.0.1 /BXY/index.php/images/logo.png
INFO: [ app_init ] --START--
INFO: Run Behavior\BuildLiteBehavior [ RunTime:0.000070s ]
INFO: [ app_init ] --END-- [ RunTime:0.001868s ]
ERR: 无法加载模块:Images

[ 2016-11-28T20:43:47+08:00 ] 127.0.0.1 /BXY/index.php/images/logo1.png
INFO: [ app_init ] --START--
INFO: Run Behavior\BuildLiteBehavior [ RunTime:0.000069s ]
INFO: [ app_init ] --END-- [ RunTime:0.003721s ]
ERR: 无法加载模块:Images

[ 2016-11-28T20:47:01+08:00 ] 127.0.0.1 /BXY/index.php/css/bootstrap.min.css
INFO: [ app_init ] --START--
INFO: Run Behavior\BuildLiteBehavior [ RunTime:0.000072s ]
INFO: [ app_init ] --END-- [ RunTime:0.021130s ]
ERR: 无法加载模块:Css

[ 2016-11-28T20:47:01+08:00 ] 127.0.0.1 /BXY/index.php/images/logo.png
INFO: [ app_init ] --START--
INFO: Run Behavior\BuildLiteBehavior [ RunTime:0.000070s ]
INFO: [ app_init ] --END-- [ RunTime:0.005710s ]
ERR: 无法加载模块:Images

[ 2016-11-28T20:47:01+08:00 ] 127.0.0.1 /BXY/index.php/js/jquery.js
INFO: [ app_init ] --START--
INFO: Run Behavior\BuildLiteBehavior [ RunTime:0.000060s ]
INFO: [ app_init ] --END-- [ RunTime:0.001848s ]
ERR: 无法加载模块:Js

[ 2016-11-28T20:47:01+08:00 ] 127.0.0.1 /BXY/index.php/css/admincss.css
INFO: [ app_init ] --START--
INFO: Run Behavior\BuildLiteBehavior [ RunTime:0.000074s ]
INFO: [ app_init ] --END-- [ RunTime:0.009087s ]
ERR: 无法加载模块:Css

[ 2016-11-28T20:47:01+08:00 ] 127.0.0.1 /BXY/index.php/js/bootstrap.min.js
INFO: [ app_init ] --START--
INFO: Run Behavior\BuildLiteBehavior [ RunTime:0.000062s ]
INFO: [ app_init ] --END-- [ RunTime:0.001693s ]
ERR: 无法加载模块:Js

[ 2016-11-28T20:47:01+08:00 ] 127.0.0.1 /BXY/index.php/css/admin_style.css
INFO: [ app_init ] --START--
INFO: Run Behavior\BuildLiteBehavior [ RunTime:0.000067s ]
INFO: [ app_init ] --END-- [ RunTime:0.002250s ]
ERR: 无法加载模块:Css

[ 2016-11-28T20:47:01+08:00 ] 127.0.0.1 /BXY/index.php/images/logo1.png
INFO: [ app_init ] --START--
INFO: Run Behavior\BuildLiteBehavior [ RunTime:0.000140s ]
INFO: [ app_init ] --END-- [ RunTime:0.003814s ]
ERR: 无法加载模块:Images

[ 2016-11-28T20:47:05+08:00 ] 127.0.0.1 /BXY/index.php/U('admin/admin_all')
INFO: [ app_init ] --START--
INFO: Run Behavior\BuildLiteBehavior [ RunTime:0.000044s ]
INFO: [ app_init ] --END-- [ RunTime:0.001329s ]
ERR: 无法加载模块:U('admin

[ 2016-11-28T20:47:43+08:00 ] 127.0.0.1 /BXY/index.php/U('admin/admin_all')
INFO: [ app_init ] --START--
INFO: Run Behavior\BuildLiteBehavior [ RunTime:0.000047s ]
INFO: [ app_init ] --END-- [ RunTime:0.001778s ]
ERR: 无法加载模块:U('admin

[ 2016-11-28T20:47:51+08:00 ] 127.0.0.1 /BXY/index.php/css/bootstrap.min.css
INFO: [ app_init ] --START--
INFO: Run Behavior\BuildLiteBehavior [ RunTime:0.000044s ]
INFO: [ app_init ] --END-- [ RunTime:0.001228s ]
ERR: 无法加载模块:Css

[ 2016-11-28T20:47:51+08:00 ] 127.0.0.1 /BXY/index.php/css/admincss.css
INFO: [ app_init ] --START--
INFO: Run Behavior\BuildLiteBehavior [ RunTime:0.000053s ]
INFO: [ app_init ] --END-- [ RunTime:0.001178s ]
ERR: 无法加载模块:Css

[ 2016-11-28T20:47:51+08:00 ] 127.0.0.1 /BXY/index.php/css/admin_style.css
INFO: [ app_init ] --START--
INFO: Run Behavior\BuildLiteBehavior [ RunTime:0.000044s ]
INFO: [ app_init ] --END-- [ RunTime:0.001271s ]
ERR: 无法加载模块:Css

[ 2016-11-28T20:47:51+08:00 ] 127.0.0.1 /BXY/index.php/js/jquery.js
INFO: [ app_init ] --START--
INFO: Run Behavior\BuildLiteBehavior [ RunTime:0.000043s ]
INFO: [ app_init ] --END-- [ RunTime:0.001181s ]
ERR: 无法加载模块:Js

[ 2016-11-28T20:47:51+08:00 ] 127.0.0.1 /BXY/index.php/js/bootstrap.min.js
INFO: [ app_init ] --START--
INFO: Run Behavior\BuildLiteBehavior [ RunTime:0.000041s ]
INFO: [ app_init ] --END-- [ RunTime:0.001123s ]
ERR: 无法加载模块:Js

[ 2016-11-28T20:47:52+08:00 ] 127.0.0.1 /BXY/index.php/js/bootstrap.min.js
INFO: [ app_init ] --START--
INFO: Run Behavior\BuildLiteBehavior [ RunTime:0.017409s ]
INFO: [ app_init ] --END-- [ RunTime:0.019212s ]
ERR: 无法加载模块:Js

[ 2016-11-28T20:47:52+08:00 ] 127.0.0.1 /BXY/index.php/images/logo.png
INFO: [ app_init ] --START--
INFO: Run Behavior\BuildLiteBehavior [ RunTime:0.000063s ]
INFO: [ app_init ] --END-- [ RunTime:0.025718s ]
ERR: 无法加载模块:Images

[ 2016-11-28T20:47:52+08:00 ] 127.0.0.1 /BXY/index.php/images/logo1.png
INFO: [ app_init ] --START--
INFO: Run Behavior\BuildLiteBehavior [ RunTime:0.000069s ]
INFO: [ app_init ] --END-- [ RunTime:0.004051s ]
ERR: 无法加载模块:Images

[ 2016-11-28T20:47:52+08:00 ] 127.0.0.1 /BXY/index.php/U(admin/admin_all)
INFO: [ app_init ] --START--
INFO: Run Behavior\BuildLiteBehavior [ RunTime:0.000043s ]
INFO: [ app_init ] --END-- [ RunTime:0.001136s ]
ERR: 无法加载模块:U(admin

[ 2016-11-28T20:48:08+08:00 ] 127.0.0.1 /BXY/index.php/images/logo.png
INFO: [ app_init ] --START--
INFO: Run Behavior\BuildLiteBehavior [ RunTime:0.000079s ]
INFO: [ app_init ] --END-- [ RunTime:0.009770s ]
ERR: 无法加载模块:Images

[ 2016-11-28T20:48:08+08:00 ] 127.0.0.1 /BXY/index.php/js/jquery.js
INFO: [ app_init ] --START--
INFO: Run Behavior\BuildLiteBehavior [ RunTime:0.000076s ]
INFO: [ app_init ] --END-- [ RunTime:0.028405s ]
ERR: 无法加载模块:Js

[ 2016-11-28T20:48:08+08:00 ] 127.0.0.1 /BXY/index.php/css/admin_style.css
INFO: [ app_init ] --START--
INFO: Run Behavior\BuildLiteBehavior [ RunTime:0.000062s ]
INFO: [ app_init ] --END-- [ RunTime:0.001759s ]
ERR: 无法加载模块:Css

[ 2016-11-28T20:48:08+08:00 ] 127.0.0.1 /BXY/index.php/js/bootstrap.min.js
INFO: [ app_init ] --START--
INFO: Run Behavior\BuildLiteBehavior [ RunTime:0.000075s ]
INFO: [ app_init ] --END-- [ RunTime:0.001972s ]
ERR: 无法加载模块:Js

[ 2016-11-28T20:48:08+08:00 ] 127.0.0.1 /BXY/index.php/css/bootstrap.min.css
INFO: [ app_init ] --START--
INFO: Run Behavior\BuildLiteBehavior [ RunTime:0.000070s ]
INFO: [ app_init ] --END-- [ RunTime:0.003193s ]
ERR: 无法加载模块:Css

[ 2016-11-28T20:48:08+08:00 ] 127.0.0.1 /BXY/index.php/images/logo1.png
INFO: [ app_init ] --START--
INFO: Run Behavior\BuildLiteBehavior [ RunTime:0.000070s ]
INFO: [ app_init ] --END-- [ RunTime:0.009494s ]
ERR: 无法加载模块:Images

[ 2016-11-28T20:48:08+08:00 ] 127.0.0.1 /BXY/index.php/css/admincss.css
INFO: [ app_init ] --START--
INFO: Run Behavior\BuildLiteBehavior [ RunTime:0.000702s ]
INFO: [ app_init ] --END-- [ RunTime:0.007116s ]
ERR: 无法加载模块:Css

[ 2016-11-28T20:48:08+08:00 ] 127.0.0.1 /BXY/index.php/U(admin/admin_all)
INFO: [ app_init ] --START--
INFO: Run Behavior\BuildLiteBehavior [ RunTime:0.000045s ]
INFO: [ app_init ] --END-- [ RunTime:0.001573s ]
ERR: 无法加载模块:U(admin

