[ 2016-11-30T17:40:56+08:00 ] 127.0.0.1 /BOXUEYUAN/index.php/Login
INFO: [ app_init ] --START--
INFO: Run Behavior\BuildLiteBehavior [ RunTime:0.000032s ]
INFO: [ app_init ] --END-- [ RunTime:0.001028s ]
ERR: 无法加载模块:Login

[ 2016-11-30T17:44:32+08:00 ] 127.0.0.1 /BOXUEYUAN/index.php/Login
INFO: [ app_init ] --START--
INFO: Run Behavior\BuildLiteBehavior [ RunTime:0.000024s ]
INFO: [ app_init ] --END-- [ RunTime:0.000767s ]
ERR: 无法加载模块:Login

[ 2016-11-30T17:44:47+08:00 ] 127.0.0.1 /BOXUEYUAN/index.php/Login
INFO: [ app_init ] --START--
INFO: Run Behavior\BuildLiteBehavior [ RunTime:0.000023s ]
INFO: [ app_init ] --END-- [ RunTime:0.000740s ]
ERR: 无法加载模块:Login

[ 2016-11-30T17:47:06+08:00 ] 127.0.0.1 /BOXUEYUAN/index.php/Login
INFO: [ app_init ] --START--
INFO: Run Behavior\BuildLiteBehavior [ RunTime:0.000022s ]
INFO: [ app_init ] --END-- [ RunTime:0.000857s ]
ERR: 无法加载模块:Login

[ 2016-11-30T17:47:07+08:00 ] 127.0.0.1 /BOXUEYUAN/index.php/Login
INFO: [ app_init ] --START--
INFO: Run Behavior\BuildLiteBehavior [ RunTime:0.000023s ]
INFO: [ app_init ] --END-- [ RunTime:0.000682s ]
ERR: 无法加载模块:Login

[ 2016-11-30T17:47:13+08:00 ] 127.0.0.1 /BOXUEYUAN/index.php/Login/login
INFO: [ app_init ] --START--
INFO: Run Behavior\BuildLiteBehavior [ RunTime:0.000032s ]
INFO: [ app_init ] --END-- [ RunTime:0.000771s ]
ERR: 无法加载模块:Login

[ 2016-11-30T17:49:45+08:00 ] 127.0.0.1 /BOXUEYUAN/index.php/Login/login
INFO: [ app_init ] --START--
INFO: Run Behavior\BuildLiteBehavior [ RunTime:0.000039s ]
INFO: [ app_init ] --END-- [ RunTime:0.002362s ]
ERR: 无法加载模块:Login

[ 2016-11-30T17:50:32+08:00 ] 127.0.0.1 /BOXUEYUAN/index.php/Login/login
INFO: [ app_init ] --START--
INFO: Run Behavior\BuildLiteBehavior [ RunTime:0.000030s ]
INFO: [ app_init ] --END-- [ RunTime:0.000875s ]
ERR: 无法加载模块:Login

[ 2016-11-30T17:56:41+08:00 ] 127.0.0.1 /BOXUEYUAN/index.php/Login/login
INFO: [ app_init ] --START--
INFO: Run Behavior\BuildLiteBehavior [ RunTime:0.000025s ]
INFO: [ app_init ] --END-- [ RunTime:0.000839s ]
ERR: 无法加载模块:Login

[ 2016-11-30T17:56:46+08:00 ] 127.0.0.1 /BOXUEYUAN/index.php/Login/login
INFO: [ app_init ] --START--
INFO: Run Behavior\BuildLiteBehavior [ RunTime:0.000023s ]
INFO: [ app_init ] --END-- [ RunTime:0.000723s ]
ERR: 无法加载模块:Login

[ 2016-11-30T17:56:59+08:00 ] 127.0.0.1 /BOXUEYUAN/index.php/Login/login
INFO: [ app_init ] --START--
INFO: Run Behavior\BuildLiteBehavior [ RunTime:0.000031s ]
INFO: [ app_init ] --END-- [ RunTime:0.000873s ]
ERR: 无法加载模块:Login

[ 2016-11-30T17:58:07+08:00 ] 127.0.0.1 /BOXUEYUAN/index.php/Login/login
INFO: [ app_init ] --START--
INFO: Run Behavior\BuildLiteBehavior [ RunTime:0.000233s ]
INFO: [ app_init ] --END-- [ RunTime:0.001175s ]
ERR: 无法加载模块:Login

[ 2016-11-30T17:59:19+08:00 ] 127.0.0.1 /BOXUEYUAN/index.php/Login/login
INFO: [ app_init ] --START--
INFO: Run Behavior\BuildLiteBehavior [ RunTime:0.000023s ]
INFO: [ app_init ] --END-- [ RunTime:0.000804s ]
ERR: 无法加载模块:Login

